2023-07-10 19:08:28,192 [INFO] MainUpdater:2854 - connection check result : 10
2023-07-10 19:08:28,204 [INFO] MainUpdater:2854 - connection check result : 10
2023-07-10 19:08:28,246 [ERROR] IocParser:57 - IOException caught: C:\Users\wmaid\OneDrive\Desktop\learning\NUCLEO-F401RE\NUCLEO\NUCLEO.ioc (The system cannot find the file specified)
2023-07-10 19:08:28,248 [ERROR] PeripheralListParser:95 - Something went wrong with ioc file reading: C:\Users\wmaid\OneDrive\Desktop\learning\NUCLEO-F401RE\NUCLEO\NUCLEO.ioc (The system cannot find the file specified)
2023-07-10 19:08:28,252 [ERROR] RegexParser:59 - Issue caught when parsing regex: C:\Users\wmaid\OneDrive\Desktop\learning\NUCLEO-F401RE\NUCLEO\NUCLEO.ioc (The system cannot find the file specified)
2023-07-10 19:08:28,628 [INFO] MicroXplorer:468 - Change Database Path : 
2023-07-10 19:08:28,628 [INFO] MicroXplorer:498 - Change Database Version : DB.6.0.81
2023-07-10 19:08:28,671 [WARN] ThirdParty:871 - waiting for thirdparty lock release [close project]
2023-07-10 19:08:28,671 [INFO] ThirdParty:873 - entering critical section [close project]
2023-07-10 19:08:28,671 [INFO] ThirdParty:883 - exiting critical section [close project]
2023-07-10 19:08:28,673 [INFO] PinOutPanel:1499 - setPackage(No Configuration,No Configuration)
2023-07-10 19:08:28,705 [WARN] IpParametersView:150 - Warning: This peripheral hasn't parameters
2023-07-10 19:08:28,743 [WARN] MainPanel:257 - <html><b><center>Warning: This peripheral has no parameters to be configured<br></b></html>
2023-07-10 19:08:28,774 [INFO] UtilMem:75 - Begin LoadConfig() Used Memory: 302299184 Bytes (709885952)
2023-07-10 19:08:28,775 [INFO] MicroXplorer:468 - Change Database Path : 
2023-07-10 19:08:28,775 [INFO] MicroXplorer:498 - Change Database Version : DB.6.0.81
2023-07-10 19:08:28,775 [INFO] OpenFileManager:308 - Change cursor
2023-07-10 19:08:28,857 [INFO] RulesReader:64 - Compatibility file has been processed (293 Rules)
2023-07-10 19:08:28,874 [INFO] Mcu:1937 - Initializing MCU STM32F401R(D-E)Tx STM32F401RETx STM32F401RET6
2023-07-10 19:08:29,810 [INFO] Context:659 - Trying to add GPIOservice into a context  which must be forbidden
2023-07-10 19:08:30,210 [INFO] RtosManager:555 - Registered RTOS mode: class=CMSIS, group=RTOS, mode=CMSIS_V1, owner=FREERTOS
2023-07-10 19:08:30,211 [INFO] RtosManager:555 - Registered RTOS mode: class=CMSIS, group=RTOS2, mode=CMSIS_V2, owner=FREERTOS
2023-07-10 19:08:30,211 [INFO] RtosManager:555 - Registered RTOS mode: class=RTOS, group=Core, mode=CMSIS_V1, owner=FREERTOS
2023-07-10 19:08:30,211 [INFO] RtosManager:555 - Registered RTOS mode: class=RTOS, group=Core, mode=CMSIS_V2, owner=FREERTOS
2023-07-10 19:08:30,211 [WARN] ModelIntegratedComponent:184 - Missing modes for component STMicroelectronics:FreeRTOS:0.0.1:STMicroelectronics:RTOS:FreeRTOS:Core:::10.2.0:
2023-07-10 19:08:30,221 [WARN] ModelIntegratedComponent:63 - No mode defined for component null
2023-07-10 19:08:30,221 [WARN] ModelIntegratedComponent:63 - No mode defined for component null
2023-07-10 19:08:30,222 [WARN] ModelIntegratedComponent:63 - No mode defined for component null
2023-07-10 19:08:30,222 [WARN] ModelIntegratedComponent:63 - No mode defined for component null
2023-07-10 19:08:30,222 [WARN] ModelIntegratedComponent:63 - No mode defined for component null
2023-07-10 19:08:30,222 [WARN] ModelIntegratedComponent:63 - No mode defined for component null
2023-07-10 19:08:30,222 [WARN] ModelIntegratedComponent:63 - No mode defined for component null
2023-07-10 19:08:30,222 [WARN] ModelIntegratedComponent:63 - No mode defined for component null
2023-07-10 19:08:30,222 [WARN] ModelIntegratedComponent:63 - No mode defined for component null
2023-07-10 19:08:30,222 [WARN] ModelIntegratedComponent:63 - No mode defined for component null
2023-07-10 19:08:30,222 [WARN] ModelIntegratedComponent:63 - No mode defined for component null
2023-07-10 19:08:30,222 [WARN] ModelIntegratedComponent:63 - No mode defined for component null
2023-07-10 19:08:30,222 [WARN] ModelIntegratedComponent:63 - No mode defined for component null
2023-07-10 19:08:30,222 [WARN] ModelIntegratedComponent:63 - No mode defined for component null
2023-07-10 19:08:30,222 [WARN] ModelIntegratedComponent:63 - No mode defined for component null
2023-07-10 19:08:30,222 [WARN] ModelIntegratedComponent:63 - No mode defined for component null
2023-07-10 19:08:30,222 [WARN] ModelIntegratedComponent:63 - No mode defined for component null
2023-07-10 19:08:30,222 [WARN] ModelIntegratedComponent:63 - No mode defined for component null
2023-07-10 19:08:30,222 [WARN] ModelIntegratedComponent:63 - No mode defined for component null
2023-07-10 19:08:30,222 [WARN] ModelIntegratedComponent:63 - No mode defined for component null
2023-07-10 19:08:30,223 [WARN] ModelIntegratedComponent:63 - No mode defined for component null
2023-07-10 19:08:30,223 [WARN] ModelIntegratedComponent:63 - No mode defined for component null
2023-07-10 19:08:30,223 [WARN] ModelIntegratedComponent:63 - No mode defined for component null
2023-07-10 19:08:30,223 [WARN] ModelIntegratedComponent:63 - No mode defined for component null
2023-07-10 19:08:30,223 [WARN] ModelIntegratedComponent:63 - No mode defined for component null
2023-07-10 19:08:30,223 [WARN] ModelIntegratedComponent:63 - No mode defined for component null
2023-07-10 19:08:30,223 [WARN] ModelIntegratedComponent:63 - No mode defined for component null
2023-07-10 19:08:30,223 [WARN] ModelIntegratedComponent:63 - No mode defined for component null
2023-07-10 19:08:30,223 [WARN] ModelIntegratedComponent:63 - No mode defined for component null
2023-07-10 19:08:30,223 [WARN] ModelIntegratedComponent:63 - No mode defined for component null
2023-07-10 19:08:30,223 [WARN] ModelIntegratedComponent:63 - No mode defined for component null
2023-07-10 19:08:30,223 [WARN] ModelIntegratedComponent:63 - No mode defined for component null
2023-07-10 19:08:30,223 [WARN] ModelIntegratedComponent:63 - No mode defined for component null
2023-07-10 19:08:30,230 [INFO] ThirdPartyModel:298 - Start build external matchings
2023-07-10 19:08:30,602 [INFO] ThirdPartyModel:316 - End build external matchings
2023-07-10 19:08:30,609 [INFO] ImportTextPane:194 - (OptionalMessage_ERROR) IP (RCC) : Parameter (RTCHSEDivFreq_Value) has invalid value (4000000)
2023-07-10 19:08:30,885 [INFO] UtilMem:75 - End LoadConfig() Used Memory: 363760624 Bytes (709885952)
2023-07-10 19:08:30,975 [WARN] ThirdParty:833 - waiting for thirdparty lock release [change project]
2023-07-10 19:08:30,975 [INFO] ThirdParty:835 - entering critical section [change project]
2023-07-10 19:08:30,975 [INFO] ThirdParty:1030 - CMSIS Pack Vendor :STMicroelectronics X-CUBE-ISPU 1.1.0
2023-07-10 19:08:30,975 [INFO] ThirdParty:1030 - CMSIS Pack Vendor :STMicroelectronics X-CUBE-GNSS1 6.0.0
2023-07-10 19:08:30,975 [INFO] ThirdParty:1030 - CMSIS Pack Vendor :STMicroelectronics USB_HOST 2.0.0
2023-07-10 19:08:30,975 [INFO] ThirdParty:1030 - CMSIS Pack Vendor :STMicroelectronics X-CUBE-AZRTOS-F4 1.1.0
2023-07-10 19:08:30,975 [INFO] ThirdParty:1030 - CMSIS Pack Vendor :STMicroelectronics LIBJPEG 8.0.0
2023-07-10 19:08:30,975 [INFO] ThirdParty:1030 - CMSIS Pack Vendor :STMicroelectronics X-CUBE-SMBUS 2.1.0
2023-07-10 19:08:30,975 [INFO] ThirdParty:1030 - CMSIS Pack Vendor :wolfSSL I-CUBE-wolfSSL 5.6.0
2023-07-10 19:08:30,975 [INFO] ThirdParty:1030 - CMSIS Pack Vendor :STMicroelectronics USB_DEVICE 3.0.0
2023-07-10 19:08:30,975 [INFO] ThirdParty:1030 - CMSIS Pack Vendor :STMicroelectronics X-CUBE-FREERTOS 1.0.1
2023-07-10 19:08:30,975 [INFO] ThirdParty:1030 - CMSIS Pack Vendor :STMicroelectronics X-CUBE-AZRTOS-F7 1.1.0
2023-07-10 19:08:30,975 [INFO] ThirdParty:1030 - CMSIS Pack Vendor :STMicroelectronics USB_DEVICE 2.0.0
2023-07-10 19:08:30,975 [INFO] ThirdParty:1030 - CMSIS Pack Vendor :STMicroelectronics X-CUBE-MEMS1 9.6.0
2023-07-10 19:08:30,975 [INFO] ThirdParty:1030 - CMSIS Pack Vendor :STMicroelectronics FP-SNS-MOTENV1 4.3.2
2023-07-10 19:08:30,975 [INFO] ThirdParty:1030 - CMSIS Pack Vendor :STMicroelectronics FP-SNS-FLIGHT1 5.0.1
2023-07-10 19:08:30,975 [INFO] ThirdParty:1030 - CMSIS Pack Vendor :STMicroelectronics X-CUBE-ALGOBUILD 1.3.0
2023-07-10 19:08:30,975 [INFO] ThirdParty:1030 - CMSIS Pack Vendor :STMicroelectronics X-CUBE-BLE1 6.2.4
2023-07-10 19:08:30,975 [INFO] ThirdParty:1030 - CMSIS Pack Vendor :STMicroelectronics X-CUBE-AZRTOS-L5 1.1.0
2023-07-10 19:08:30,975 [INFO] ThirdParty:1030 - CMSIS Pack Vendor :STMicroelectronics FreeRTOS 0.0.1
2023-07-10 19:08:30,975 [INFO] ThirdParty:1030 - CMSIS Pack Vendor :STMicroelectronics X-CUBE-AZRTOS-G0 1.1.0
2023-07-10 19:08:30,975 [INFO] ThirdParty:1030 - CMSIS Pack Vendor :STMicroelectronics X-CUBE-BLEMGR 2.0.0
2023-07-10 19:08:30,975 [INFO] ThirdParty:1030 - CMSIS Pack Vendor :STMicroelectronics X-CUBE-AI 8.0.1
2023-07-10 19:08:30,975 [INFO] ThirdParty:1030 - CMSIS Pack Vendor :STMicroelectronics X-CUBE-NFC4 3.0.0
2023-07-10 19:08:30,975 [INFO] ThirdParty:1030 - CMSIS Pack Vendor :STMicroelectronics X-CUBE-SUBG2 5.0.0
2023-07-10 19:08:30,975 [INFO] ThirdParty:1030 - CMSIS Pack Vendor :STMicroelectronics STM32_WPAN 1.0.0
2023-07-10 19:08:30,975 [INFO] ThirdParty:1030 - CMSIS Pack Vendor :STMicroelectronics lwIP 2.0.3
2023-07-10 19:08:30,975 [INFO] ThirdParty:1030 - CMSIS Pack Vendor :STMicroelectronics USB_HOST 1.0.0
2023-07-10 19:08:30,975 [INFO] ThirdParty:1030 - CMSIS Pack Vendor :STMicroelectronics X-CUBE-AZRTOS-G4 2.0.0
2023-07-10 19:08:30,975 [INFO] ThirdParty:1030 - CMSIS Pack Vendor :STMicroelectronics PDM2PCM 3.1.0
2023-07-10 19:08:30,975 [INFO] ThirdParty:1030 - CMSIS Pack Vendor :STMicroelectronics X-CUBE-AZRTOS-H7 3.1.0
2023-07-10 19:08:30,975 [INFO] ThirdParty:1030 - CMSIS Pack Vendor :STMicroelectronics X-CUBE-TOF1 3.3.0
2023-07-10 19:08:30,975 [INFO] ThirdParty:1030 - CMSIS Pack Vendor :STMicroelectronics PDM2PCM 3.3.0
2023-07-10 19:08:30,975 [INFO] ThirdParty:1030 - CMSIS Pack Vendor :STMicroelectronics X-CUBE-DISPLAY 3.0.0
2023-07-10 19:08:30,975 [INFO] ThirdParty:1030 - CMSIS Pack Vendor :STMicroelectronics FP-ATR-SIGFOX1 3.2.0
2023-07-10 19:08:30,975 [INFO] ThirdParty:1030 - CMSIS Pack Vendor :STMicroelectronics HAL Drivers 0.0.0
2023-07-10 19:08:30,976 [INFO] ThirdParty:1030 - CMSIS Pack Vendor :STMicroelectronics MBEDTLS 2.16.2
2023-07-10 19:08:30,976 [INFO] ThirdParty:1030 - CMSIS Pack Vendor :emotas I-CUBE-CANOPEN 1.3.0
2023-07-10 19:08:30,976 [INFO] ThirdParty:1030 - CMSIS Pack Vendor :STMicroelectronics X-CUBE-TOUCHGFX 4.22.0
2023-07-10 19:08:30,976 [INFO] ThirdParty:1030 - CMSIS Pack Vendor :STMicroelectronics X-CUBE-NFC7 1.0.1
2023-07-10 19:08:30,976 [INFO] ThirdParty:1030 - CMSIS Pack Vendor :STMicroelectronics MBEDTLS 2.14.1
2023-07-10 19:08:30,976 [INFO] ThirdParty:1030 - CMSIS Pack Vendor :STMicroelectronics X-CUBE-EEPRMA1 4.1.0
2023-07-10 19:08:30,976 [INFO] ThirdParty:1030 - CMSIS Pack Vendor :portGmbH I-Cube-SoM-uGOAL 1.1.0
2023-07-10 19:08:30,976 [INFO] ThirdParty:1030 - CMSIS Pack Vendor :STMicroelectronics X-CUBE-ALS 1.0.1
2023-07-10 19:08:30,976 [INFO] ThirdParty:1030 - CMSIS Pack Vendor :STMicroelectronics ThreadX 1.0.0
2023-07-10 19:08:30,976 [INFO] ThirdParty:1030 - CMSIS Pack Vendor :STMicroelectronics X-CUBE-AZRTOS-WB 1.1.0
2023-07-10 19:08:30,976 [INFO] ThirdParty:1030 - CMSIS Pack Vendor :STMicroelectronics X-CUBE-AZRTOS-WL 2.0.0
2023-07-10 19:08:30,976 [INFO] ThirdParty:1030 - CMSIS Pack Vendor :SEGGER I-CUBE-embOS 1.3.1
2023-07-10 19:08:30,976 [INFO] ThirdParty:1030 - CMSIS Pack Vendor :STMicroelectronics USB_DEVICE 1.0.0
2023-07-10 19:08:30,976 [INFO] ThirdParty:1030 - CMSIS Pack Vendor :STMicroelectronics X-CUBE-AZRTOS-L4 2.0.0
2023-07-10 19:08:30,976 [INFO] ThirdParty:1030 - CMSIS Pack Vendor :STMicroelectronics ThreadX 0.0.2
2023-07-10 19:08:30,976 [INFO] ThirdParty:1030 - CMSIS Pack Vendor :WES I-CUBE-Cesium 1.3.0
2023-07-10 19:08:30,976 [INFO] ThirdParty:1030 - CMSIS Pack Vendor :STMicroelectronics FP-ATR-ASTRA1 2.0.0
2023-07-10 19:08:30,976 [INFO] ThirdParty:1030 - CMSIS Pack Vendor :STMicroelectronics lwIP 2.1.2
2023-07-10 19:08:30,976 [INFO] ThirdParty:1030 - CMSIS Pack Vendor :STMicroelectronics X-CUBE-SFXS2LP1 4.0.0
2023-07-10 19:08:30,976 [INFO] ThirdParty:1030 - CMSIS Pack Vendor :STMicroelectronics X-CUBE-BLE2 3.3.0
2023-07-10 19:08:30,976 [INFO] ThirdParty:1030 - CMSIS Pack Vendor :STMicroelectronics PDM2PCM 3.2.0
2023-07-10 19:08:30,976 [INFO] ThirdParty:841 - exiting critical section [change project]
2023-07-10 19:08:31,125 [INFO] PinOutPanel:1499 - setPackage(No Configuration,No Configuration)
2023-07-10 19:08:31,127 [INFO] PinOutPanel:1499 - setPackage(STM32F401RETx,LQFP64)
2023-07-10 19:08:31,504 [INFO] UtilMem:75 - Before build in PCC Used Memory: 312676296 Bytes (709885952)
2023-07-10 19:08:31,764 [INFO] UtilMem:75 - After build in PCC Used Memory: 357242824 Bytes (709885952)
2023-07-10 19:08:31,787 [INFO] IPUIPlugin:80 - create IPUIPlugin
2023-07-10 19:08:31,788 [INFO] IPUIPlugin:80 - create IPUIPlugin
2023-07-10 19:08:31,788 [INFO] IPUIPlugin:80 - create IPUIPlugin
2023-07-10 19:08:31,788 [INFO] IPUIPlugin:80 - create IPUIPlugin
2023-07-10 19:08:31,788 [INFO] IPUIPlugin:80 - create IPUIPlugin
2023-07-10 19:08:31,788 [INFO] IPUIPlugin:80 - create IPUIPlugin
2023-07-10 19:08:31,789 [INFO] IPUIPlugin:80 - create IPUIPlugin
2023-07-10 19:08:31,789 [INFO] IPUIPlugin:80 - create IPUIPlugin
2023-07-10 19:08:31,789 [INFO] IPUIPlugin:80 - create IPUIPlugin
2023-07-10 19:08:31,789 [INFO] IPUIPlugin:80 - create IPUIPlugin
2023-07-10 19:08:31,789 [INFO] IPUIPlugin:80 - create IPUIPlugin
2023-07-10 19:08:31,789 [INFO] IPUIPlugin:80 - create IPUIPlugin
2023-07-10 19:08:31,789 [INFO] IPUIPlugin:80 - create IPUIPlugin
2023-07-10 19:08:31,789 [INFO] IPUIPlugin:80 - create IPUIPlugin
2023-07-10 19:08:31,789 [INFO] IPUIPlugin:80 - create IPUIPlugin
2023-07-10 19:08:31,789 [INFO] IPUIPlugin:80 - create IPUIPlugin
2023-07-10 19:08:31,789 [INFO] IPUIPlugin:80 - create IPUIPlugin
2023-07-10 19:08:31,790 [INFO] IPUIPlugin:80 - create IPUIPlugin
2023-07-10 19:08:31,790 [INFO] IPUIPlugin:80 - create IPUIPlugin
2023-07-10 19:08:31,790 [INFO] IPUIPlugin:80 - create IPUIPlugin
2023-07-10 19:08:31,790 [INFO] IPUIPlugin:80 - create IPUIPlugin
2023-07-10 19:08:31,790 [INFO] IPUIPlugin:80 - create IPUIPlugin
2023-07-10 19:08:31,790 [INFO] IPUIPlugin:80 - create IPUIPlugin
2023-07-10 19:08:31,791 [INFO] IPUIPlugin:80 - create IPUIPlugin
2023-07-10 19:08:31,791 [INFO] IPUIPlugin:80 - create IPUIPlugin
2023-07-10 19:08:31,791 [INFO] IPUIPlugin:80 - create IPUIPlugin
2023-07-10 19:08:31,791 [INFO] IPUIPlugin:80 - create IPUIPlugin
2023-07-10 19:08:31,792 [INFO] IPUIPlugin:80 - create IPUIPlugin
2023-07-10 19:08:31,792 [INFO] IPUIPlugin:80 - create IPUIPlugin
2023-07-10 19:08:31,792 [INFO] IPUIPlugin:80 - create IPUIPlugin
2023-07-10 19:08:31,792 [INFO] IPUIPlugin:80 - create IPUIPlugin
2023-07-10 19:08:31,793 [INFO] IPUIPlugin:80 - create IPUIPlugin
2023-07-10 19:08:31,793 [INFO] IPUIPlugin:80 - create IPUIPlugin
2023-07-10 19:08:31,793 [INFO] IPUIPlugin:80 - create IPUIPlugin
2023-07-10 19:08:31,793 [INFO] IPUIPlugin:80 - create IPUIPlugin
2023-07-10 19:08:31,793 [INFO] IPUIPlugin:80 - create IPUIPlugin
2023-07-10 19:08:31,795 [INFO] IPUIPlugin:80 - create IPUIPlugin
2023-07-10 19:08:31,795 [INFO] IPUIPlugin:80 - create IPUIPlugin
2023-07-10 19:08:31,801 [INFO] ApiDbMcu:507 - Load IP Config File for PDM2PCM
2023-07-10 19:08:31,849 [INFO] CADModel:165 - CPN selected for project levelSTM32F401RET6
2023-07-10 19:08:31,850 [INFO] CADModel:114 - Register for checkConnection events
2023-07-10 19:08:31,939 [INFO] OpenFileManager:328 - Restore cursor
